{"C:\\Users\\pulpi\\github\\abelam-numeral\\src\\main.ts": {"path":"C:\\Users\\pulpi\\github\\abelam-numeral\\src\\main.ts","all":false,"statementMap":{"0":{"start":{"line":1,"column":0},"end":{"line":1,"column":0}},"1":{"start":{"line":2,"column":0},"end":{"line":2,"column":29}},"2":{"start":{"line":3,"column":0},"end":{"line":3,"column":19}},"3":{"start":{"line":4,"column":0},"end":{"line":4,"column":17}},"4":{"start":{"line":5,"column":0},"end":{"line":5,"column":18}},"5":{"start":{"line":6,"column":0},"end":{"line":6,"column":17}},"6":{"start":{"line":7,"column":0},"end":{"line":7,"column":27}},"7":{"start":{"line":8,"column":0},"end":{"line":8,"column":28}},"8":{"start":{"line":9,"column":0},"end":{"line":9,"column":1}},"9":{"start":{"line":10,"column":0},"end":{"line":10,"column":0}},"10":{"start":{"line":11,"column":0},"end":{"line":11,"column":15}},"11":{"start":{"line":12,"column":0},"end":{"line":12,"column":14}},"12":{"start":{"line":13,"column":0},"end":{"line":13,"column":13}},"13":{"start":{"line":14,"column":0},"end":{"line":14,"column":13}},"14":{"start":{"line":15,"column":0},"end":{"line":15,"column":20}},"15":{"start":{"line":16,"column":0},"end":{"line":16,"column":1}},"16":{"start":{"line":17,"column":0},"end":{"line":17,"column":0}},"17":{"start":{"line":18,"column":0},"end":{"line":18,"column":31}},"18":{"start":{"line":19,"column":0},"end":{"line":19,"column":0}},"19":{"start":{"line":20,"column":0},"end":{"line":20,"column":35}},"20":{"start":{"line":21,"column":0},"end":{"line":21,"column":30}},"21":{"start":{"line":22,"column":0},"end":{"line":22,"column":5}},"22":{"start":{"line":23,"column":0},"end":{"line":23,"column":18}},"23":{"start":{"line":24,"column":0},"end":{"line":24,"column":17}},"24":{"start":{"line":25,"column":0},"end":{"line":25,"column":23}},"25":{"start":{"line":26,"column":0},"end":{"line":26,"column":28}},"26":{"start":{"line":27,"column":0},"end":{"line":27,"column":23}},"27":{"start":{"line":28,"column":0},"end":{"line":28,"column":6}},"28":{"start":{"line":29,"column":0},"end":{"line":29,"column":5}},"29":{"start":{"line":30,"column":0},"end":{"line":30,"column":18}},"30":{"start":{"line":31,"column":0},"end":{"line":31,"column":19}},"31":{"start":{"line":32,"column":0},"end":{"line":32,"column":44}},"32":{"start":{"line":33,"column":0},"end":{"line":33,"column":28}},"33":{"start":{"line":34,"column":0},"end":{"line":34,"column":24}},"34":{"start":{"line":35,"column":0},"end":{"line":35,"column":5}},"35":{"start":{"line":36,"column":0},"end":{"line":36,"column":1}},"36":{"start":{"line":37,"column":0},"end":{"line":37,"column":0}},"37":{"start":{"line":38,"column":0},"end":{"line":38,"column":37}},"38":{"start":{"line":39,"column":0},"end":{"line":39,"column":90}},"39":{"start":{"line":40,"column":0},"end":{"line":40,"column":22}},"40":{"start":{"line":41,"column":0},"end":{"line":41,"column":17}},"41":{"start":{"line":42,"column":0},"end":{"line":42,"column":5}},"42":{"start":{"line":43,"column":0},"end":{"line":43,"column":39}},"43":{"start":{"line":44,"column":0},"end":{"line":44,"column":17}},"44":{"start":{"line":45,"column":0},"end":{"line":45,"column":5}},"45":{"start":{"line":46,"column":0},"end":{"line":46,"column":29}},"46":{"start":{"line":47,"column":0},"end":{"line":47,"column":32}},"47":{"start":{"line":48,"column":0},"end":{"line":48,"column":5}},"48":{"start":{"line":49,"column":0},"end":{"line":49,"column":0}},"49":{"start":{"line":50,"column":0},"end":{"line":50,"column":69}},"50":{"start":{"line":51,"column":0},"end":{"line":51,"column":102}},"51":{"start":{"line":52,"column":0},"end":{"line":52,"column":0}},"52":{"start":{"line":53,"column":0},"end":{"line":53,"column":53}},"53":{"start":{"line":54,"column":0},"end":{"line":54,"column":0}},"54":{"start":{"line":55,"column":0},"end":{"line":55,"column":21}},"55":{"start":{"line":56,"column":0},"end":{"line":56,"column":46}},"56":{"start":{"line":57,"column":0},"end":{"line":57,"column":133}},"57":{"start":{"line":58,"column":0},"end":{"line":58,"column":5}},"58":{"start":{"line":59,"column":0},"end":{"line":59,"column":0}},"59":{"start":{"line":60,"column":0},"end":{"line":60,"column":122}},"60":{"start":{"line":61,"column":0},"end":{"line":61,"column":1}},"61":{"start":{"line":62,"column":0},"end":{"line":62,"column":0}},"62":{"start":{"line":63,"column":0},"end":{"line":63,"column":21}},"63":{"start":{"line":64,"column":0},"end":{"line":64,"column":21}},"64":{"start":{"line":65,"column":0},"end":{"line":65,"column":18}},"65":{"start":{"line":66,"column":0},"end":{"line":66,"column":1}},"66":{"start":{"line":67,"column":0},"end":{"line":67,"column":0}},"67":{"start":{"line":68,"column":0},"end":{"line":68,"column":21}},"68":{"start":{"line":69,"column":0},"end":{"line":69,"column":31}},"69":{"start":{"line":70,"column":0},"end":{"line":70,"column":18}},"70":{"start":{"line":71,"column":0},"end":{"line":71,"column":19}},"71":{"start":{"line":72,"column":0},"end":{"line":72,"column":1}},"72":{"start":{"line":73,"column":0},"end":{"line":73,"column":0}},"73":{"start":{"line":74,"column":0},"end":{"line":74,"column":64}},"74":{"start":{"line":75,"column":0},"end":{"line":75,"column":60}},"75":{"start":{"line":76,"column":0},"end":{"line":76,"column":23}},"76":{"start":{"line":77,"column":0},"end":{"line":77,"column":20}},"77":{"start":{"line":78,"column":0},"end":{"line":78,"column":5}},"78":{"start":{"line":79,"column":0},"end":{"line":79,"column":21}},"79":{"start":{"line":80,"column":0},"end":{"line":80,"column":1}},"80":{"start":{"line":81,"column":0},"end":{"line":81,"column":0}},"81":{"start":{"line":82,"column":0},"end":{"line":82,"column":63}},"82":{"start":{"line":83,"column":0},"end":{"line":83,"column":68}},"83":{"start":{"line":84,"column":0},"end":{"line":84,"column":23}},"84":{"start":{"line":85,"column":0},"end":{"line":85,"column":20}},"85":{"start":{"line":86,"column":0},"end":{"line":86,"column":5}},"86":{"start":{"line":87,"column":0},"end":{"line":87,"column":25}},"87":{"start":{"line":88,"column":0},"end":{"line":88,"column":1}},"88":{"start":{"line":89,"column":0},"end":{"line":89,"column":0}},"89":{"start":{"line":90,"column":0},"end":{"line":90,"column":54}},"90":{"start":{"line":91,"column":0},"end":{"line":91,"column":77}},"91":{"start":{"line":92,"column":0},"end":{"line":92,"column":20}},"92":{"start":{"line":93,"column":0},"end":{"line":93,"column":18}},"93":{"start":{"line":94,"column":0},"end":{"line":94,"column":35}},"94":{"start":{"line":95,"column":0},"end":{"line":95,"column":22}},"95":{"start":{"line":96,"column":0},"end":{"line":96,"column":12}},"96":{"start":{"line":97,"column":0},"end":{"line":97,"column":5}},"97":{"start":{"line":98,"column":0},"end":{"line":98,"column":0}},"98":{"start":{"line":99,"column":0},"end":{"line":99,"column":35}},"99":{"start":{"line":100,"column":0},"end":{"line":100,"column":35}},"100":{"start":{"line":101,"column":0},"end":{"line":101,"column":33}},"101":{"start":{"line":102,"column":0},"end":{"line":102,"column":117}},"102":{"start":{"line":103,"column":0},"end":{"line":103,"column":21}},"103":{"start":{"line":104,"column":0},"end":{"line":104,"column":21}},"104":{"start":{"line":105,"column":0},"end":{"line":105,"column":9}},"105":{"start":{"line":106,"column":0},"end":{"line":106,"column":0}},"106":{"start":{"line":107,"column":0},"end":{"line":107,"column":80}},"107":{"start":{"line":108,"column":0},"end":{"line":108,"column":52}},"108":{"start":{"line":109,"column":0},"end":{"line":109,"column":45}},"109":{"start":{"line":110,"column":0},"end":{"line":110,"column":30}},"110":{"start":{"line":111,"column":0},"end":{"line":111,"column":28}},"111":{"start":{"line":112,"column":0},"end":{"line":112,"column":25}},"112":{"start":{"line":113,"column":0},"end":{"line":113,"column":30}},"113":{"start":{"line":114,"column":0},"end":{"line":114,"column":9}},"114":{"start":{"line":115,"column":0},"end":{"line":115,"column":5}},"115":{"start":{"line":116,"column":0},"end":{"line":116,"column":22}},"116":{"start":{"line":117,"column":0},"end":{"line":117,"column":1}},"117":{"start":{"line":118,"column":0},"end":{"line":118,"column":0}},"118":{"start":{"line":119,"column":0},"end":{"line":119,"column":77}},"119":{"start":{"line":120,"column":0},"end":{"line":120,"column":64}},"120":{"start":{"line":121,"column":0},"end":{"line":121,"column":6}},"121":{"start":{"line":122,"column":0},"end":{"line":122,"column":0}},"122":{"start":{"line":123,"column":0},"end":{"line":123,"column":33}},"123":{"start":{"line":124,"column":0},"end":{"line":124,"column":56}},"124":{"start":{"line":125,"column":0},"end":{"line":125,"column":46}},"125":{"start":{"line":126,"column":0},"end":{"line":126,"column":33}},"126":{"start":{"line":127,"column":0},"end":{"line":127,"column":37}},"127":{"start":{"line":128,"column":0},"end":{"line":128,"column":38}},"128":{"start":{"line":129,"column":0},"end":{"line":129,"column":53}},"129":{"start":{"line":130,"column":0},"end":{"line":130,"column":46}},"130":{"start":{"line":131,"column":0},"end":{"line":131,"column":25}},"131":{"start":{"line":132,"column":0},"end":{"line":132,"column":34}},"132":{"start":{"line":133,"column":0},"end":{"line":133,"column":59}},"133":{"start":{"line":134,"column":0},"end":{"line":134,"column":22}},"134":{"start":{"line":135,"column":0},"end":{"line":135,"column":13}},"135":{"start":{"line":136,"column":0},"end":{"line":136,"column":47}},"136":{"start":{"line":137,"column":0},"end":{"line":137,"column":27}},"137":{"start":{"line":138,"column":0},"end":{"line":138,"column":33}},"138":{"start":{"line":139,"column":0},"end":{"line":139,"column":47}},"139":{"start":{"line":140,"column":0},"end":{"line":140,"column":34}},"140":{"start":{"line":141,"column":0},"end":{"line":141,"column":37}},"141":{"start":{"line":142,"column":0},"end":{"line":142,"column":23}},"142":{"start":{"line":143,"column":0},"end":{"line":143,"column":17}},"143":{"start":{"line":144,"column":0},"end":{"line":144,"column":57}},"144":{"start":{"line":145,"column":0},"end":{"line":145,"column":84}},"145":{"start":{"line":146,"column":0},"end":{"line":146,"column":98}},"146":{"start":{"line":147,"column":0},"end":{"line":147,"column":0}},"147":{"start":{"line":148,"column":0},"end":{"line":148,"column":35}},"148":{"start":{"line":149,"column":0},"end":{"line":149,"column":93}},"149":{"start":{"line":150,"column":0},"end":{"line":150,"column":59}},"150":{"start":{"line":151,"column":0},"end":{"line":151,"column":30}},"151":{"start":{"line":152,"column":0},"end":{"line":152,"column":21}},"152":{"start":{"line":153,"column":0},"end":{"line":153,"column":73}},"153":{"start":{"line":154,"column":0},"end":{"line":154,"column":58}},"154":{"start":{"line":155,"column":0},"end":{"line":155,"column":63}},"155":{"start":{"line":156,"column":0},"end":{"line":156,"column":45}},"156":{"start":{"line":157,"column":0},"end":{"line":157,"column":65}},"157":{"start":{"line":158,"column":0},"end":{"line":158,"column":26}},"158":{"start":{"line":159,"column":0},"end":{"line":159,"column":30}},"159":{"start":{"line":160,"column":0},"end":{"line":160,"column":21}},"160":{"start":{"line":161,"column":0},"end":{"line":161,"column":17}},"161":{"start":{"line":162,"column":0},"end":{"line":162,"column":20}},"162":{"start":{"line":163,"column":0},"end":{"line":163,"column":61}},"163":{"start":{"line":164,"column":0},"end":{"line":164,"column":13}},"164":{"start":{"line":165,"column":0},"end":{"line":165,"column":40}},"165":{"start":{"line":166,"column":0},"end":{"line":166,"column":9}},"166":{"start":{"line":167,"column":0},"end":{"line":167,"column":16}},"167":{"start":{"line":168,"column":0},"end":{"line":168,"column":29}},"168":{"start":{"line":169,"column":0},"end":{"line":169,"column":22}},"169":{"start":{"line":170,"column":0},"end":{"line":170,"column":42}},"170":{"start":{"line":171,"column":0},"end":{"line":171,"column":10}},"171":{"start":{"line":172,"column":0},"end":{"line":172,"column":7}},"172":{"start":{"line":173,"column":0},"end":{"line":173,"column":0}},"173":{"start":{"line":174,"column":0},"end":{"line":174,"column":23}},"174":{"start":{"line":175,"column":0},"end":{"line":175,"column":85}},"175":{"start":{"line":176,"column":0},"end":{"line":176,"column":0}},"176":{"start":{"line":177,"column":0},"end":{"line":177,"column":34}},"177":{"start":{"line":178,"column":0},"end":{"line":178,"column":35}},"178":{"start":{"line":179,"column":0},"end":{"line":179,"column":70}},"179":{"start":{"line":180,"column":0},"end":{"line":180,"column":0}},"180":{"start":{"line":181,"column":0},"end":{"line":181,"column":11}},"181":{"start":{"line":182,"column":0},"end":{"line":182,"column":10}},"182":{"start":{"line":183,"column":0},"end":{"line":183,"column":37}},"183":{"start":{"line":184,"column":0},"end":{"line":184,"column":70}},"184":{"start":{"line":185,"column":0},"end":{"line":185,"column":0}},"185":{"start":{"line":186,"column":0},"end":{"line":186,"column":9}},"186":{"start":{"line":187,"column":0},"end":{"line":187,"column":37}},"187":{"start":{"line":188,"column":0},"end":{"line":188,"column":61}},"188":{"start":{"line":189,"column":0},"end":{"line":189,"column":0}},"189":{"start":{"line":190,"column":0},"end":{"line":190,"column":33}},"190":{"start":{"line":191,"column":0},"end":{"line":191,"column":31}},"191":{"start":{"line":192,"column":0},"end":{"line":192,"column":42}},"192":{"start":{"line":193,"column":0},"end":{"line":193,"column":24}},"193":{"start":{"line":194,"column":0},"end":{"line":194,"column":0}},"194":{"start":{"line":195,"column":0},"end":{"line":195,"column":19}},"195":{"start":{"line":196,"column":0},"end":{"line":196,"column":42}},"196":{"start":{"line":197,"column":0},"end":{"line":197,"column":0}},"197":{"start":{"line":198,"column":0},"end":{"line":198,"column":31}},"198":{"start":{"line":199,"column":0},"end":{"line":199,"column":58}},"199":{"start":{"line":200,"column":0},"end":{"line":200,"column":37}},"200":{"start":{"line":201,"column":0},"end":{"line":201,"column":33}},"201":{"start":{"line":202,"column":0},"end":{"line":202,"column":0}},"202":{"start":{"line":203,"column":0},"end":{"line":203,"column":1}},"203":{"start":{"line":204,"column":0},"end":{"line":204,"column":0}},"204":{"start":{"line":205,"column":0},"end":{"line":205,"column":28}},"205":{"start":{"line":206,"column":0},"end":{"line":206,"column":0}},"206":{"start":{"line":207,"column":0},"end":{"line":207,"column":63}},"207":{"start":{"line":208,"column":0},"end":{"line":208,"column":0}},"208":{"start":{"line":209,"column":0},"end":{"line":209,"column":4}}},"s":{"0":1,"1":1,"2":1,"3":1,"4":1,"5":1,"6":1,"7":1,"8":1,"9":1,"10":1,"11":1,"12":1,"13":1,"14":1,"15":1,"16":1,"17":1,"18":1,"19":1,"20":1,"21":1,"22":1,"23":1,"24":1,"25":1,"26":1,"27":1,"28":1,"29":1,"30":1,"31":1,"32":1,"33":1,"34":1,"35":1,"36":1,"37":1,"38":1,"39":0,"40":0,"41":0,"42":0,"43":0,"44":0,"45":0,"46":0,"47":0,"48":0,"49":0,"50":0,"51":0,"52":0,"53":0,"54":0,"55":0,"56":0,"57":0,"58":0,"59":0,"60":0,"61":1,"62":1,"63":1,"64":1,"65":1,"66":1,"67":1,"68":1,"69":1,"70":1,"71":1,"72":1,"73":1,"74":13,"75":13,"76":3,"77":3,"78":10,"79":10,"80":1,"81":1,"82":33,"83":33,"84":12,"85":12,"86":21,"87":21,"88":1,"89":1,"90":13,"91":13,"92":4,"93":4,"94":4,"95":4,"96":4,"97":9,"98":9,"99":9,"100":13,"101":18,"102":18,"103":9,"104":9,"105":9,"106":9,"107":9,"108":9,"109":9,"110":9,"111":9,"112":9,"113":9,"114":9,"115":9,"116":9,"117":1,"118":1,"119":20,"120":1,"121":1,"122":1,"123":1,"124":4,"125":4,"126":4,"127":4,"128":13,"129":13,"130":13,"131":4,"132":4,"133":4,"134":4,"135":13,"136":4,"137":3,"138":3,"139":3,"140":3,"141":3,"142":3,"143":4,"144":5,"145":5,"146":5,"147":5,"148":5,"149":1,"150":1,"151":1,"152":5,"153":3,"154":3,"155":3,"156":3,"157":3,"158":3,"159":3,"160":5,"161":13,"162":5,"163":5,"164":9,"165":9,"166":4,"167":4,"168":4,"169":4,"170":4,"171":4,"172":4,"173":4,"174":4,"175":4,"176":4,"177":4,"178":4,"179":4,"180":4,"181":4,"182":4,"183":4,"184":4,"185":4,"186":4,"187":4,"188":4,"189":4,"190":4,"191":4,"192":4,"193":4,"194":4,"195":4,"196":4,"197":4,"198":4,"199":4,"200":4,"201":4,"202":4,"203":1,"204":1,"205":1,"206":1,"207":1,"208":1},"branchMap":{"0":{"type":"branch","line":74,"loc":{"start":{"line":74,"column":29},"end":{"line":80,"column":1}},"locations":[{"start":{"line":74,"column":29},"end":{"line":80,"column":1}}]},"1":{"type":"branch","line":76,"loc":{"start":{"line":76,"column":22},"end":{"line":78,"column":5}},"locations":[{"start":{"line":76,"column":22},"end":{"line":78,"column":5}}]},"2":{"type":"branch","line":79,"loc":{"start":{"line":79,"column":-2},"end":{"line":80,"column":1}},"locations":[{"start":{"line":79,"column":-2},"end":{"line":80,"column":1}}]},"3":{"type":"branch","line":75,"loc":{"start":{"line":75,"column":34},"end":{"line":75,"column":58}},"locations":[{"start":{"line":75,"column":34},"end":{"line":75,"column":58}}]},"4":{"type":"branch","line":82,"loc":{"start":{"line":82,"column":24},"end":{"line":88,"column":1}},"locations":[{"start":{"line":82,"column":24},"end":{"line":88,"column":1}}]},"5":{"type":"branch","line":84,"loc":{"start":{"line":84,"column":22},"end":{"line":86,"column":5}},"locations":[{"start":{"line":84,"column":22},"end":{"line":86,"column":5}}]},"6":{"type":"branch","line":87,"loc":{"start":{"line":87,"column":-2},"end":{"line":88,"column":1}},"locations":[{"start":{"line":87,"column":-2},"end":{"line":88,"column":1}}]},"7":{"type":"branch","line":83,"loc":{"start":{"line":83,"column":35},"end":{"line":83,"column":66}},"locations":[{"start":{"line":83,"column":35},"end":{"line":83,"column":66}}]},"8":{"type":"branch","line":90,"loc":{"start":{"line":90,"column":23},"end":{"line":117,"column":1}},"locations":[{"start":{"line":90,"column":23},"end":{"line":117,"column":1}}]},"9":{"type":"branch","line":92,"loc":{"start":{"line":92,"column":19},"end":{"line":97,"column":5}},"locations":[{"start":{"line":92,"column":19},"end":{"line":97,"column":5}}]},"10":{"type":"branch","line":98,"loc":{"start":{"line":98,"column":-2},"end":{"line":101,"column":32}},"locations":[{"start":{"line":98,"column":-2},"end":{"line":101,"column":32}}]},"11":{"type":"branch","line":101,"loc":{"start":{"line":101,"column":32},"end":{"line":115,"column":5}},"locations":[{"start":{"line":101,"column":32},"end":{"line":115,"column":5}}]},"12":{"type":"branch","line":103,"loc":{"start":{"line":103,"column":20},"end":{"line":115,"column":5}},"locations":[{"start":{"line":103,"column":20},"end":{"line":115,"column":5}}]},"13":{"type":"branch","line":116,"loc":{"start":{"line":116,"column":-2},"end":{"line":117,"column":1}},"locations":[{"start":{"line":116,"column":-2},"end":{"line":117,"column":1}}]},"14":{"type":"branch","line":119,"loc":{"start":{"line":119,"column":29},"end":{"line":121,"column":5}},"locations":[{"start":{"line":119,"column":29},"end":{"line":121,"column":5}}]},"15":{"type":"branch","line":119,"loc":{"start":{"line":119,"column":62},"end":{"line":121,"column":3}},"locations":[{"start":{"line":119,"column":62},"end":{"line":121,"column":3}}]},"16":{"type":"branch","line":120,"loc":{"start":{"line":120,"column":50},"end":{"line":120,"column":52}},"locations":[{"start":{"line":120,"column":50},"end":{"line":120,"column":52}}]},"17":{"type":"branch","line":120,"loc":{"start":{"line":120,"column":50},"end":{"line":120,"column":52}},"locations":[{"start":{"line":120,"column":50},"end":{"line":120,"column":52}}]},"18":{"type":"branch","line":120,"loc":{"start":{"line":120,"column":50},"end":{"line":120,"column":57}},"locations":[{"start":{"line":120,"column":50},"end":{"line":120,"column":57}}]},"19":{"type":"branch","line":120,"loc":{"start":{"line":120,"column":57},"end":{"line":120,"column":62}},"locations":[{"start":{"line":120,"column":57},"end":{"line":120,"column":62}}]},"20":{"type":"branch","line":124,"loc":{"start":{"line":124,"column":27},"end":{"line":203,"column":1}},"locations":[{"start":{"line":124,"column":27},"end":{"line":203,"column":1}}]},"21":{"type":"branch","line":125,"loc":{"start":{"line":125,"column":30},"end":{"line":172,"column":5}},"locations":[{"start":{"line":125,"column":30},"end":{"line":172,"column":5}}]},"22":{"type":"branch","line":128,"loc":{"start":{"line":128,"column":37},"end":{"line":166,"column":9}},"locations":[{"start":{"line":128,"column":37},"end":{"line":166,"column":9}}]},"23":{"type":"branch","line":131,"loc":{"start":{"line":131,"column":24},"end":{"line":135,"column":13}},"locations":[{"start":{"line":131,"column":24},"end":{"line":135,"column":13}}]},"24":{"type":"branch","line":133,"loc":{"start":{"line":133,"column":50},"end":{"line":133,"column":55}},"locations":[{"start":{"line":133,"column":50},"end":{"line":133,"column":55}}]},"25":{"type":"branch","line":136,"loc":{"start":{"line":136,"column":-2},"end":{"line":136,"column":46}},"locations":[{"start":{"line":136,"column":-2},"end":{"line":136,"column":46}}]},"26":{"type":"branch","line":136,"loc":{"start":{"line":136,"column":46},"end":{"line":162,"column":13}},"locations":[{"start":{"line":136,"column":46},"end":{"line":162,"column":13}}]},"27":{"type":"branch","line":137,"loc":{"start":{"line":137,"column":26},"end":{"line":143,"column":17}},"locations":[{"start":{"line":137,"column":26},"end":{"line":143,"column":17}}]},"28":{"type":"branch","line":144,"loc":{"start":{"line":144,"column":56},"end":{"line":161,"column":17}},"locations":[{"start":{"line":144,"column":56},"end":{"line":161,"column":17}}]},"29":{"type":"branch","line":149,"loc":{"start":{"line":149,"column":41},"end":{"line":149,"column":50}},"locations":[{"start":{"line":149,"column":41},"end":{"line":149,"column":50}}]},"30":{"type":"branch","line":149,"loc":{"start":{"line":149,"column":50},"end":{"line":149,"column":90}},"locations":[{"start":{"line":149,"column":50},"end":{"line":149,"column":90}}]},"31":{"type":"branch","line":149,"loc":{"start":{"line":149,"column":92},"end":{"line":152,"column":21}},"locations":[{"start":{"line":149,"column":92},"end":{"line":152,"column":21}}]},"32":{"type":"branch","line":153,"loc":{"start":{"line":153,"column":-2},"end":{"line":153,"column":72}},"locations":[{"start":{"line":153,"column":-2},"end":{"line":153,"column":72}}]},"33":{"type":"branch","line":153,"loc":{"start":{"line":153,"column":72},"end":{"line":160,"column":21}},"locations":[{"start":{"line":153,"column":72},"end":{"line":160,"column":21}}]},"34":{"type":"branch","line":162,"loc":{"start":{"line":162,"column":13},"end":{"line":164,"column":13}},"locations":[{"start":{"line":162,"column":13},"end":{"line":164,"column":13}}]},"35":{"type":"branch","line":163,"loc":{"start":{"line":163,"column":51},"end":{"line":163,"column":56}},"locations":[{"start":{"line":163,"column":51},"end":{"line":163,"column":56}}]},"36":{"type":"branch","line":165,"loc":{"start":{"line":165,"column":-2},"end":{"line":166,"column":9}},"locations":[{"start":{"line":165,"column":-2},"end":{"line":166,"column":9}}]}},"b":{"0":[13],"1":[3],"2":[10],"3":[45],"4":[33],"5":[12],"6":[21],"7":[50],"8":[13],"9":[4],"10":[9],"11":[18],"12":[9],"13":[9],"14":[9],"15":[20],"16":[12],"17":[8],"18":[12],"19":[8],"20":[4],"21":[4],"22":[13],"23":[4],"24":[0],"25":[9],"26":[4],"27":[3],"28":[5],"29":[4],"30":[1],"31":[1],"32":[4],"33":[3],"34":[5],"35":[2],"36":[9]},"fnMap":{"0":{"name":"arabicToAbelam","decl":{"start":{"line":39,"column":30},"end":{"line":61,"column":1}},"loc":{"start":{"line":39,"column":30},"end":{"line":61,"column":1}},"line":39},"1":{"name":"getAtomNumber","decl":{"start":{"line":74,"column":29},"end":{"line":80,"column":1}},"loc":{"start":{"line":74,"column":29},"end":{"line":80,"column":1}},"line":74},"2":{"name":"getChunk","decl":{"start":{"line":82,"column":24},"end":{"line":88,"column":1}},"loc":{"start":{"line":82,"column":24},"end":{"line":88,"column":1}},"line":82},"3":{"name":"vcLexer","decl":{"start":{"line":90,"column":23},"end":{"line":117,"column":1}},"loc":{"start":{"line":90,"column":23},"end":{"line":117,"column":1}},"line":90},"4":{"name":"getTotalValue","decl":{"start":{"line":119,"column":29},"end":{"line":121,"column":5}},"loc":{"start":{"line":119,"column":29},"end":{"line":121,"column":5}},"line":119},"5":{"name":"parseAbelam","decl":{"start":{"line":124,"column":27},"end":{"line":203,"column":1}},"loc":{"start":{"line":124,"column":27},"end":{"line":203,"column":1}},"line":124}},"f":{"0":0,"1":13,"2":33,"3":13,"4":9,"5":4}}
}
