TN:
SF:src\main.ts
FN:39,arabicToAbelam
FN:74,getAtomNumber
FN:82,getChunk
FN:90,vcLexer
FN:119,getTotalValue
FN:124,parseAbelam
FNF:6
FNH:5
FNDA:0,arabicToAbelam
FNDA:13,getAtomNumber
FNDA:33,getChunk
FNDA:13,vcLexer
FNDA:9,getTotalValue
FNDA:4,parseAbelam
DA:1,1
DA:2,1
DA:3,1
DA:4,1
DA:5,1
DA:6,1
DA:7,1
DA:8,1
DA:9,1
DA:10,1
DA:11,1
DA:12,1
DA:13,1
DA:14,1
DA:15,1
DA:16,1
DA:17,1
DA:18,1
DA:19,1
DA:20,1
DA:21,1
DA:22,1
DA:23,1
DA:24,1
DA:25,1
DA:26,1
DA:27,1
DA:28,1
DA:29,1
DA:30,1
DA:31,1
DA:32,1
DA:33,1
DA:34,1
DA:35,1
DA:36,1
DA:37,1
DA:38,1
DA:39,1
DA:40,0
DA:41,0
DA:42,0
DA:43,0
DA:44,0
DA:45,0
DA:46,0
DA:47,0
DA:48,0
DA:49,0
DA:50,0
DA:51,0
DA:52,0
DA:53,0
DA:54,0
DA:55,0
DA:56,0
DA:57,0
DA:58,0
DA:59,0
DA:60,0
DA:61,0
DA:62,1
DA:63,1
DA:64,1
DA:65,1
DA:66,1
DA:67,1
DA:68,1
DA:69,1
DA:70,1
DA:71,1
DA:72,1
DA:73,1
DA:74,1
DA:75,13
DA:76,13
DA:77,3
DA:78,3
DA:79,10
DA:80,10
DA:81,1
DA:82,1
DA:83,33
DA:84,33
DA:85,12
DA:86,12
DA:87,21
DA:88,21
DA:89,1
DA:90,1
DA:91,13
DA:92,13
DA:93,4
DA:94,4
DA:95,4
DA:96,4
DA:97,4
DA:98,9
DA:99,9
DA:100,9
DA:101,13
DA:102,18
DA:103,18
DA:104,9
DA:105,9
DA:106,9
DA:107,9
DA:108,9
DA:109,9
DA:110,9
DA:111,9
DA:112,9
DA:113,9
DA:114,9
DA:115,9
DA:116,9
DA:117,9
DA:118,1
DA:119,1
DA:120,20
DA:121,1
DA:122,1
DA:123,1
DA:124,1
DA:125,4
DA:126,4
DA:127,4
DA:128,4
DA:129,13
DA:130,13
DA:131,13
DA:132,4
DA:133,4
DA:134,4
DA:135,4
DA:136,13
DA:137,4
DA:138,3
DA:139,3
DA:140,3
DA:141,3
DA:142,3
DA:143,3
DA:144,4
DA:145,5
DA:146,5
DA:147,5
DA:148,5
DA:149,5
DA:150,1
DA:151,1
DA:152,1
DA:153,5
DA:154,3
DA:155,3
DA:156,3
DA:157,3
DA:158,3
DA:159,3
DA:160,3
DA:161,5
DA:162,13
DA:163,5
DA:164,5
DA:165,9
DA:166,9
DA:167,4
DA:168,4
DA:169,4
DA:170,4
DA:171,4
DA:172,4
DA:173,4
DA:174,4
DA:175,4
DA:176,4
DA:177,4
DA:178,4
DA:179,4
DA:180,4
DA:181,4
DA:182,4
DA:183,4
DA:184,4
DA:185,4
DA:186,4
DA:187,4
DA:188,4
DA:189,4
DA:190,4
DA:191,4
DA:192,4
DA:193,4
DA:194,4
DA:195,4
DA:196,4
DA:197,4
DA:198,4
DA:199,4
DA:200,4
DA:201,4
DA:202,4
DA:203,4
DA:204,1
DA:205,1
DA:206,1
DA:207,1
DA:208,1
DA:209,1
LF:209
LH:187
BRDA:74,0,0,13
BRDA:76,1,0,3
BRDA:79,2,0,10
BRDA:75,3,0,45
BRDA:82,4,0,33
BRDA:84,5,0,12
BRDA:87,6,0,21
BRDA:83,7,0,50
BRDA:90,8,0,13
BRDA:92,9,0,4
BRDA:98,10,0,9
BRDA:101,11,0,18
BRDA:103,12,0,9
BRDA:116,13,0,9
BRDA:119,14,0,9
BRDA:119,15,0,20
BRDA:120,16,0,12
BRDA:120,17,0,8
BRDA:120,18,0,12
BRDA:120,19,0,8
BRDA:124,20,0,4
BRDA:125,21,0,4
BRDA:128,22,0,13
BRDA:131,23,0,4
BRDA:133,24,0,0
BRDA:136,25,0,9
BRDA:136,26,0,4
BRDA:137,27,0,3
BRDA:144,28,0,5
BRDA:149,29,0,4
BRDA:149,30,0,1
BRDA:149,31,0,1
BRDA:153,32,0,4
BRDA:153,33,0,3
BRDA:162,34,0,5
BRDA:163,35,0,2
BRDA:165,36,0,9
BRF:37
BRH:36
end_of_record
